OneKeyShare/build/outputs/logs/manifest-merger-release-report.txt
-- Merging decision tree log ---
manifest
ADDED from Dogplanet/OneKeyShare/AndroidManifest.xml:1:1-21:12
INJECTED from Dogplanet/OneKeyShare/AndroidManifest.xml:1:1-21:12
INJECTED from Dogplanet/OneKeyShare/AndroidManifest.xml:1:1-21:12
INJECTED from Dogplanet/OneKeyShare/AndroidManifest.xml:1:1-21:12
INJECTED from Dogplanet/OneKeyShare/AndroidManifest.xml:1:1-21:12
INJECTED from Dogplanet/OneKeyShare/AndroidManifest.xml:1:1-21:12
INJECTED from Dogplanet/OneKeyShare/AndroidManifest.xml:1:1-21:12
	package
		ADDED from Dogplanet/OneKeyShare/AndroidManifest.xml:2:5-38
		INJECTED from Dogplanet/OneKeyShare/AndroidManifest.xml
		INJECTED from Dogplanet/OneKeyShare/AndroidManifest.xml
	android:versionName
		ADDED from Dogplanet/OneKeyShare/AndroidManifest.xml:4:5-30
		INJECTED from Dogplanet/OneKeyShare/AndroidManifest.xml
		INJECTED from Dogplanet/OneKeyShare/AndroidManifest.xml
	xmlns:android
		ADDED from Dogplanet/OneKeyShare/AndroidManifest.xml:1:11-69
	android:versionCode
		ADDED from Dogplanet/OneKeyShare/AndroidManifest.xml:3:5-28
		INJECTED from Dogplanet/OneKeyShare/AndroidManifest.xml
		INJECTED from Dogplanet/OneKeyShare/AndroidManifest.xml
supports-screens
ADDED from Dogplanet/OneKeyShare/AndroidManifest.xml:6:5-11:39
	android:largeScreens
		ADDED from Dogplanet/OneKeyShare/AndroidManifest.xml:8:9-36
	android:smallScreens
		ADDED from Dogplanet/OneKeyShare/AndroidManifest.xml:11:9-36
	android:normalScreens
		ADDED from Dogplanet/OneKeyShare/AndroidManifest.xml:9:9-37
	android:resizeable
		ADDED from Dogplanet/OneKeyShare/AndroidManifest.xml:10:9-34
	android:anyDensity
		ADDED from Dogplanet/OneKeyShare/AndroidManifest.xml:7:9-34
uses-sdk
ADDED from Dogplanet/OneKeyShare/AndroidManifest.xml:13:5-15:41
	android:targetSdkVersion
		ADDED from Dogplanet/OneKeyShare/AndroidManifest.xml:15:9-38
	android:minSdkVersion
		ADDED from Dogplanet/OneKeyShare/AndroidManifest.xml:14:9-35
application
ADDED from Dogplanet/OneKeyShare/AndroidManifest.xml:17:5-19:19
	android:allowBackup
		ADDED from Dogplanet/OneKeyShare/AndroidManifest.xml:18:9-35